<?xml version="1.0" encoding="UTF-8"?>
<!-- Generated by org.testng.reporters.JUnitReportReporter -->
<testsuite hostname="PHP-SSHINDE07" failures="0" tests="3" name="com.herokuapp.theinternet.PositiveTests" time="55.790" errors="0" timestamp="14 Feb 2024 09:30:50 GMT" skipped="0">
  <testcase classname="com.herokuapp.theinternet.PositiveTests" name="Homepage" time="16.850"/>
  <testcase classname="com.herokuapp.theinternet.PositiveTests" name="ScheduleDemoPage" time="11.398"/>
  <testcase classname="com.herokuapp.theinternet.PositiveTests" name="CareerPage" time="27.542"/>
</testsuite> <!-- com.herokuapp.theinternet.PositiveTests -->
